2016-04-04 18:29PM - Illegal string offset 'id' in C:\xampp\htdocs\comunicacao\system\Helpers\Form.php on line 186

2016-04-04 18:30PM - Illegal string offset 'id' in C:\xampp\htdocs\comunicacao\system\Helpers\Form.php on line 186

2016-04-04 18:30PM - Illegal string offset 'id' in C:\xampp\htdocs\comunicacao\system\Helpers\Form.php on line 186

2016-04-04 18:30PM - Illegal string offset 'id' in C:\xampp\htdocs\comunicacao\system\Helpers\Form.php on line 186

2016-04-04 18:30PM - Illegal string offset 'id' in C:\xampp\htdocs\comunicacao\system\Helpers\Form.php on line 186

2016-04-04 18:31PM - Illegal string offset 'id' in C:\xampp\htdocs\comunicacao\system\Helpers\Form.php on line 186

2016-04-04 18:31PM - Illegal string offset 'id' in C:\xampp\htdocs\comunicacao\system\Helpers\Form.php on line 186

2016-04-04 18:32PM - Illegal string offset 'id' in C:\xampp\htdocs\comunicacao\system\Helpers\Form.php on line 186

2016-04-04 21:07PM - explode(): Empty delimiter in C:\xampp\htdocs\comunicacao\app\Controllers\Welcome.php on line 45

2016-04-04 21:10PM - Invalid argument supplied for foreach() in C:\xampp\htdocs\comunicacao\app\Controllers\Welcome.php on line 46

2016-04-04 21:10PM - Invalid argument supplied for foreach() in C:\xampp\htdocs\comunicacao\app\Controllers\Welcome.php on line 47

2016-04-04 21:11PM - Invalid argument supplied for foreach() in C:\xampp\htdocs\comunicacao\app\Controllers\Welcome.php on line 47

2016-04-04 21:11PM - Invalid argument supplied for foreach() in C:\xampp\htdocs\comunicacao\app\Controllers\Welcome.php on line 47

2016-04-04 21:12PM - Invalid argument supplied for foreach() in C:\xampp\htdocs\comunicacao\app\Views\Welcome\SubPage.php on line 17

2016-04-04 21:12PM - Invalid argument supplied for foreach() in C:\xampp\htdocs\comunicacao\app\Views\Welcome\SubPage.php on line 17

2016-04-04 21:13PM - Invalid argument supplied for foreach() in C:\xampp\htdocs\comunicacao\app\Views\Welcome\SubPage.php on line 17

2016-04-04 21:13PM - Invalid argument supplied for foreach() in C:\xampp\htdocs\comunicacao\app\Views\Welcome\SubPage.php on line 17

2016-04-04 21:13PM - Invalid argument supplied for foreach() in C:\xampp\htdocs\comunicacao\app\Views\Welcome\SubPage.php on line 17

2016-04-04 21:14PM - Invalid argument supplied for foreach() in C:\xampp\htdocs\comunicacao\app\Views\Welcome\SubPage.php on line 17

2016-04-04 21:15PM - array_push() expects parameter 1 to be array, integer given in C:\xampp\htdocs\comunicacao\app\Controllers\Welcome.php on line 96

2016-04-04 21:17PM - Invalid argument supplied for foreach() in C:\xampp\htdocs\comunicacao\app\Views\Welcome\SubPage.php on line 17

2016-04-04 21:17PM - Invalid argument supplied for foreach() in C:\xampp\htdocs\comunicacao\app\Views\Welcome\SubPage.php on line 17

2016-04-04 21:18PM - Invalid argument supplied for foreach() in C:\xampp\htdocs\comunicacao\app\Views\Welcome\SubPage.php on line 17

2016-04-04 21:18PM - Invalid argument supplied for foreach() in C:\xampp\htdocs\comunicacao\app\Views\Welcome\SubPage.php on line 17

2016-04-04 21:19PM - Invalid argument supplied for foreach() in C:\xampp\htdocs\comunicacao\app\Views\Welcome\SubPage.php on line 17

2016-04-04 21:19PM - Invalid argument supplied for foreach() in C:\xampp\htdocs\comunicacao\app\Views\Welcome\SubPage.php on line 17

2016-04-04 21:20PM - Invalid argument supplied for foreach() in C:\xampp\htdocs\comunicacao\app\Views\Welcome\SubPage.php on line 17

2016-04-04 21:20PM - Invalid argument supplied for foreach() in C:\xampp\htdocs\comunicacao\app\Views\Welcome\SubPage.php on line 17

2016-04-04 21:21PM - Invalid argument supplied for foreach() in C:\xampp\htdocs\comunicacao\app\Views\Welcome\SubPage.php on line 17

2016-04-04 21:22PM - Invalid argument supplied for foreach() in C:\xampp\htdocs\comunicacao\app\Views\Welcome\SubPage.php on line 17

2016-04-04 21:22PM - Illegal string offset 'retorno' in C:\xampp\htdocs\comunicacao\app\Views\Welcome\SubPage.php on line 17

2016-04-04 21:22PM - Illegal string offset 'retorno' in C:\xampp\htdocs\comunicacao\app\Views\Welcome\SubPage.php on line 17

